2020-01-14 12:27:32,263 INFO  [LoggerUtils] ****************************************** 
2020-01-14 12:27:32,263 INFO  [LoggerUtils] Test Case ID: leavemuster_001 
2020-01-14 12:27:32,263 INFO  [LoggerUtils] ****************************************** 
2020-01-14 12:27:37,439 INFO  [LoggerUtils] Driver Setup 
2020-01-14 12:27:38,492 INFO  [LoggerUtils] User Name: admin 
2020-01-14 12:27:38,617 INFO  [LoggerUtils] Password: password 
2020-01-14 12:27:43,264 INFO  [LoggerUtils] Payroll Department Menu clicked 
2020-01-14 12:27:44,377 INFO  [LoggerUtils] Leave Muster Menu Clicked 
2020-01-14 12:27:46,466 INFO  [LoggerUtils] View Leave Muster Clicked 
2020-01-14 12:27:47,649 INFO  [LoggerUtils] Sync Button Clicked 
2020-01-14 12:27:49,775 ERROR [LoggerUtils] Exception In Employee Creation :  
org.openqa.selenium.WebDriverException: unknown error: Element <button class="confirm" tabindex="1" style="display: inline-block; background-color: rgb(134, 204, 235); box-shadow: rgba(140, 212, 245, 0.8) 0px 0px 2px, rgba(0, 0, 0, 0.05) 0px 0px 0px 1px inset;" disabled="">...</button> is not clickable at point (716, 406). Other element would receive the click: <div></div>
  (Session info: chrome=79.0.3945.117)
  (Driver info: chromedriver=2.41.578737 (49da6702b16031c40d63e5618de03a32ff6c197e),platform=Windows NT 6.1.7601 SP1 x86_64) (WARNING: The server did not provide any stacktrace information)
Command duration or timeout: 0 milliseconds
Build info: version: '3.14.0', revision: 'aacccce0', time: '2018-08-02T20:05:20.749Z'
System info: host: 'ADMIN-PC', ip: '192.168.56.1', os.name: 'Windows 7', os.arch: 'amd64', os.version: '6.1', java.version: '1.8.0_201'
Driver info: org.openqa.selenium.chrome.ChromeDriver
Capabilities {acceptInsecureCerts: false, acceptSslCerts: false, applicationCacheEnabled: false, browserConnectionEnabled: false, browserName: chrome, chrome: {chromedriverVersion: 2.41.578737 (49da6702b16031..., userDataDir: C:\Users\admin\AppData\Loca...}, cssSelectorsEnabled: true, databaseEnabled: false, goog:chromeOptions: {debuggerAddress: localhost:57131}, handlesAlerts: true, hasTouchScreen: false, javascriptEnabled: true, locationContextEnabled: true, mobileEmulationEnabled: false, nativeEvents: true, networkConnectionEnabled: false, pageLoadStrategy: normal, platform: XP, platformName: XP, rotatable: false, setWindowRect: true, takesHeapSnapshot: true, takesScreenshot: true, unexpectedAlertBehaviour: , unhandledPromptBehavior: , version: 79.0.3945.117, webStorageEnabled: true}
Session ID: a1c45fd106453a6d95da280d02664ab2
	at sun.reflect.NativeConstructorAccessorImpl.newInstance0(Native Method)
	at sun.reflect.NativeConstructorAccessorImpl.newInstance(Unknown Source)
	at sun.reflect.DelegatingConstructorAccessorImpl.newInstance(Unknown Source)
	at java.lang.reflect.Constructor.newInstance(Unknown Source)
	at org.openqa.selenium.remote.ErrorHandler.createThrowable(ErrorHandler.java:214)
	at org.openqa.selenium.remote.ErrorHandler.throwIfResponseFailed(ErrorHandler.java:166)
	at org.openqa.selenium.remote.http.JsonHttpResponseCodec.reconstructValue(JsonHttpResponseCodec.java:40)
	at org.openqa.selenium.remote.http.AbstractHttpResponseCodec.decode(AbstractHttpResponseCodec.java:80)
	at org.openqa.selenium.remote.http.AbstractHttpResponseCodec.decode(AbstractHttpResponseCodec.java:44)
	at org.openqa.selenium.remote.HttpCommandExecutor.execute(HttpCommandExecutor.java:158)
	at org.openqa.selenium.remote.service.DriverCommandExecutor.execute(DriverCommandExecutor.java:83)
	at org.openqa.selenium.remote.RemoteWebDriver.execute(RemoteWebDriver.java:548)
	at org.openqa.selenium.remote.RemoteWebElement.execute(RemoteWebElement.java:276)
	at org.openqa.selenium.remote.RemoteWebElement.click(RemoteWebElement.java:83)
	at modules.payroll.tests.LeaveMusterTest.ViewMuster(LeaveMusterTest.java:66)
	at sun.reflect.NativeMethodAccessorImpl.invoke0(Native Method)
	at sun.reflect.NativeMethodAccessorImpl.invoke(Unknown Source)
	at sun.reflect.DelegatingMethodAccessorImpl.invoke(Unknown Source)
	at java.lang.reflect.Method.invoke(Unknown Source)
	at testDrivers.TestDriver.tDriver(TestDriver.java:141)
	at modules.execution.TestExecution.main(TestExecution.java:22)
2020-01-14 12:27:50,169 ERROR [LoggerUtils] Failed in test case execution 
org.openqa.selenium.WebDriverException: unknown error: Element <button class="confirm" tabindex="1" style="display: inline-block; background-color: rgb(134, 204, 235); box-shadow: rgba(140, 212, 245, 0.8) 0px 0px 2px, rgba(0, 0, 0, 0.05) 0px 0px 0px 1px inset;" disabled="">...</button> is not clickable at point (716, 406). Other element would receive the click: <div></div>
  (Session info: chrome=79.0.3945.117)
  (Driver info: chromedriver=2.41.578737 (49da6702b16031c40d63e5618de03a32ff6c197e),platform=Windows NT 6.1.7601 SP1 x86_64) (WARNING: The server did not provide any stacktrace information)
Command duration or timeout: 0 milliseconds
Build info: version: '3.14.0', revision: 'aacccce0', time: '2018-08-02T20:05:20.749Z'
System info: host: 'ADMIN-PC', ip: '192.168.56.1', os.name: 'Windows 7', os.arch: 'amd64', os.version: '6.1', java.version: '1.8.0_201'
Driver info: org.openqa.selenium.chrome.ChromeDriver
Capabilities {acceptInsecureCerts: false, acceptSslCerts: false, applicationCacheEnabled: false, browserConnectionEnabled: false, browserName: chrome, chrome: {chromedriverVersion: 2.41.578737 (49da6702b16031..., userDataDir: C:\Users\admin\AppData\Loca...}, cssSelectorsEnabled: true, databaseEnabled: false, goog:chromeOptions: {debuggerAddress: localhost:57131}, handlesAlerts: true, hasTouchScreen: false, javascriptEnabled: true, locationContextEnabled: true, mobileEmulationEnabled: false, nativeEvents: true, networkConnectionEnabled: false, pageLoadStrategy: normal, platform: XP, platformName: XP, rotatable: false, setWindowRect: true, takesHeapSnapshot: true, takesScreenshot: true, unexpectedAlertBehaviour: , unhandledPromptBehavior: , version: 79.0.3945.117, webStorageEnabled: true}
Session ID: a1c45fd106453a6d95da280d02664ab2
	at sun.reflect.NativeConstructorAccessorImpl.newInstance0(Native Method)
	at sun.reflect.NativeConstructorAccessorImpl.newInstance(Unknown Source)
	at sun.reflect.DelegatingConstructorAccessorImpl.newInstance(Unknown Source)
	at java.lang.reflect.Constructor.newInstance(Unknown Source)
	at org.openqa.selenium.remote.ErrorHandler.createThrowable(ErrorHandler.java:214)
	at org.openqa.selenium.remote.ErrorHandler.throwIfResponseFailed(ErrorHandler.java:166)
	at org.openqa.selenium.remote.http.JsonHttpResponseCodec.reconstructValue(JsonHttpResponseCodec.java:40)
	at org.openqa.selenium.remote.http.AbstractHttpResponseCodec.decode(AbstractHttpResponseCodec.java:80)
	at org.openqa.selenium.remote.http.AbstractHttpResponseCodec.decode(AbstractHttpResponseCodec.java:44)
	at org.openqa.selenium.remote.HttpCommandExecutor.execute(HttpCommandExecutor.java:158)
	at org.openqa.selenium.remote.service.DriverCommandExecutor.execute(DriverCommandExecutor.java:83)
	at org.openqa.selenium.remote.RemoteWebDriver.execute(RemoteWebDriver.java:548)
	at org.openqa.selenium.remote.RemoteWebElement.execute(RemoteWebElement.java:276)
	at org.openqa.selenium.remote.RemoteWebElement.click(RemoteWebElement.java:83)
	at modules.payroll.tests.LeaveMusterTest.ViewMuster(LeaveMusterTest.java:66)
	at sun.reflect.NativeMethodAccessorImpl.invoke0(Native Method)
	at sun.reflect.NativeMethodAccessorImpl.invoke(Unknown Source)
	at sun.reflect.DelegatingMethodAccessorImpl.invoke(Unknown Source)
	at java.lang.reflect.Method.invoke(Unknown Source)
	at testDrivers.TestDriver.tDriver(TestDriver.java:141)
	at modules.execution.TestExecution.main(TestExecution.java:22)
2020-01-14 12:27:50,807 INFO  [LoggerUtils] Driver tear down 
2020-01-14 12:27:50,807 INFO  [LoggerUtils] Test Failed - leavemuster_001 
2020-01-14 12:28:25,109 INFO  [LoggerUtils] ****************************************** 
2020-01-14 12:28:25,109 INFO  [LoggerUtils] Test Case ID: leavemuster_001 
2020-01-14 12:28:25,109 INFO  [LoggerUtils] ****************************************** 
2020-01-14 12:28:29,788 INFO  [LoggerUtils] Driver Setup 
2020-01-14 12:28:30,934 INFO  [LoggerUtils] User Name: admin 
2020-01-14 12:28:31,024 INFO  [LoggerUtils] Password: password 
2020-01-14 12:28:35,791 INFO  [LoggerUtils] Payroll Department Menu clicked 
2020-01-14 12:28:36,895 INFO  [LoggerUtils] Leave Muster Menu Clicked 
2020-01-14 12:28:38,917 INFO  [LoggerUtils] View Leave Muster Clicked 
2020-01-14 12:28:40,049 INFO  [LoggerUtils] Sync Button Clicked 
2020-01-14 12:28:45,192 INFO  [LoggerUtils] Alert Ok Button Clicked 
2020-01-14 12:28:48,336 INFO  [LoggerUtils] Employee ID Entered 
2020-01-14 12:28:49,438 ERROR [LoggerUtils] Exception In Employee Creation :  
org.openqa.selenium.WebDriverException: unknown error: Element <tr role="row" class="odd">...</tr> is not clickable at point (800, 291). Other element would receive the click: <div class="sweet-alert showSweetAlert visible" data-custom-class="" data-has-cancel-button="false" data-has-confirm-button="true" data-allow-outside-click="false" data-has-done-function="true" data-animation="pop" data-timer="null" style="display: block; margin-top: -150px;">...</div>
  (Session info: chrome=79.0.3945.117)
  (Driver info: chromedriver=2.41.578737 (49da6702b16031c40d63e5618de03a32ff6c197e),platform=Windows NT 6.1.7601 SP1 x86_64) (WARNING: The server did not provide any stacktrace information)
Command duration or timeout: 0 milliseconds
Build info: version: '3.14.0', revision: 'aacccce0', time: '2018-08-02T20:05:20.749Z'
System info: host: 'ADMIN-PC', ip: '192.168.56.1', os.name: 'Windows 7', os.arch: 'amd64', os.version: '6.1', java.version: '1.8.0_201'
Driver info: org.openqa.selenium.chrome.ChromeDriver
Capabilities {acceptInsecureCerts: false, acceptSslCerts: false, applicationCacheEnabled: false, browserConnectionEnabled: false, browserName: chrome, chrome: {chromedriverVersion: 2.41.578737 (49da6702b16031..., userDataDir: C:\Users\admin\AppData\Loca...}, cssSelectorsEnabled: true, databaseEnabled: false, goog:chromeOptions: {debuggerAddress: localhost:57330}, handlesAlerts: true, hasTouchScreen: false, javascriptEnabled: true, locationContextEnabled: true, mobileEmulationEnabled: false, nativeEvents: true, networkConnectionEnabled: false, pageLoadStrategy: normal, platform: XP, platformName: XP, rotatable: false, setWindowRect: true, takesHeapSnapshot: true, takesScreenshot: true, unexpectedAlertBehaviour: , unhandledPromptBehavior: , version: 79.0.3945.117, webStorageEnabled: true}
Session ID: 4fb43fe4e367c0ce11868ff4e23b5bd7
	at sun.reflect.NativeConstructorAccessorImpl.newInstance0(Native Method)
	at sun.reflect.NativeConstructorAccessorImpl.newInstance(Unknown Source)
	at sun.reflect.DelegatingConstructorAccessorImpl.newInstance(Unknown Source)
	at java.lang.reflect.Constructor.newInstance(Unknown Source)
	at org.openqa.selenium.remote.ErrorHandler.createThrowable(ErrorHandler.java:214)
	at org.openqa.selenium.remote.ErrorHandler.throwIfResponseFailed(ErrorHandler.java:166)
	at org.openqa.selenium.remote.http.JsonHttpResponseCodec.reconstructValue(JsonHttpResponseCodec.java:40)
	at org.openqa.selenium.remote.http.AbstractHttpResponseCodec.decode(AbstractHttpResponseCodec.java:80)
	at org.openqa.selenium.remote.http.AbstractHttpResponseCodec.decode(AbstractHttpResponseCodec.java:44)
	at org.openqa.selenium.remote.HttpCommandExecutor.execute(HttpCommandExecutor.java:158)
	at org.openqa.selenium.remote.service.DriverCommandExecutor.execute(DriverCommandExecutor.java:83)
	at org.openqa.selenium.remote.RemoteWebDriver.execute(RemoteWebDriver.java:548)
	at org.openqa.selenium.remote.RemoteWebElement.execute(RemoteWebElement.java:276)
	at org.openqa.selenium.remote.RemoteWebElement.click(RemoteWebElement.java:83)
	at modules.payroll.tests.LeaveMusterTest.ViewMuster(LeaveMusterTest.java:78)
	at sun.reflect.NativeMethodAccessorImpl.invoke0(Native Method)
	at sun.reflect.NativeMethodAccessorImpl.invoke(Unknown Source)
	at sun.reflect.DelegatingMethodAccessorImpl.invoke(Unknown Source)
	at java.lang.reflect.Method.invoke(Unknown Source)
	at testDrivers.TestDriver.tDriver(TestDriver.java:141)
	at modules.execution.TestExecution.main(TestExecution.java:22)
2020-01-14 12:28:49,800 ERROR [LoggerUtils] Failed in test case execution 
org.openqa.selenium.WebDriverException: unknown error: Element <tr role="row" class="odd">...</tr> is not clickable at point (800, 291). Other element would receive the click: <div class="sweet-alert showSweetAlert visible" data-custom-class="" data-has-cancel-button="false" data-has-confirm-button="true" data-allow-outside-click="false" data-has-done-function="true" data-animation="pop" data-timer="null" style="display: block; margin-top: -150px;">...</div>
  (Session info: chrome=79.0.3945.117)
  (Driver info: chromedriver=2.41.578737 (49da6702b16031c40d63e5618de03a32ff6c197e),platform=Windows NT 6.1.7601 SP1 x86_64) (WARNING: The server did not provide any stacktrace information)
Command duration or timeout: 0 milliseconds
Build info: version: '3.14.0', revision: 'aacccce0', time: '2018-08-02T20:05:20.749Z'
System info: host: 'ADMIN-PC', ip: '192.168.56.1', os.name: 'Windows 7', os.arch: 'amd64', os.version: '6.1', java.version: '1.8.0_201'
Driver info: org.openqa.selenium.chrome.ChromeDriver
Capabilities {acceptInsecureCerts: false, acceptSslCerts: false, applicationCacheEnabled: false, browserConnectionEnabled: false, browserName: chrome, chrome: {chromedriverVersion: 2.41.578737 (49da6702b16031..., userDataDir: C:\Users\admin\AppData\Loca...}, cssSelectorsEnabled: true, databaseEnabled: false, goog:chromeOptions: {debuggerAddress: localhost:57330}, handlesAlerts: true, hasTouchScreen: false, javascriptEnabled: true, locationContextEnabled: true, mobileEmulationEnabled: false, nativeEvents: true, networkConnectionEnabled: false, pageLoadStrategy: normal, platform: XP, platformName: XP, rotatable: false, setWindowRect: true, takesHeapSnapshot: true, takesScreenshot: true, unexpectedAlertBehaviour: , unhandledPromptBehavior: , version: 79.0.3945.117, webStorageEnabled: true}
Session ID: 4fb43fe4e367c0ce11868ff4e23b5bd7
	at sun.reflect.NativeConstructorAccessorImpl.newInstance0(Native Method)
	at sun.reflect.NativeConstructorAccessorImpl.newInstance(Unknown Source)
	at sun.reflect.DelegatingConstructorAccessorImpl.newInstance(Unknown Source)
	at java.lang.reflect.Constructor.newInstance(Unknown Source)
	at org.openqa.selenium.remote.ErrorHandler.createThrowable(ErrorHandler.java:214)
	at org.openqa.selenium.remote.ErrorHandler.throwIfResponseFailed(ErrorHandler.java:166)
	at org.openqa.selenium.remote.http.JsonHttpResponseCodec.reconstructValue(JsonHttpResponseCodec.java:40)
	at org.openqa.selenium.remote.http.AbstractHttpResponseCodec.decode(AbstractHttpResponseCodec.java:80)
	at org.openqa.selenium.remote.http.AbstractHttpResponseCodec.decode(AbstractHttpResponseCodec.java:44)
	at org.openqa.selenium.remote.HttpCommandExecutor.execute(HttpCommandExecutor.java:158)
	at org.openqa.selenium.remote.service.DriverCommandExecutor.execute(DriverCommandExecutor.java:83)
	at org.openqa.selenium.remote.RemoteWebDriver.execute(RemoteWebDriver.java:548)
	at org.openqa.selenium.remote.RemoteWebElement.execute(RemoteWebElement.java:276)
	at org.openqa.selenium.remote.RemoteWebElement.click(RemoteWebElement.java:83)
	at modules.payroll.tests.LeaveMusterTest.ViewMuster(LeaveMusterTest.java:78)
	at sun.reflect.NativeMethodAccessorImpl.invoke0(Native Method)
	at sun.reflect.NativeMethodAccessorImpl.invoke(Unknown Source)
	at sun.reflect.DelegatingMethodAccessorImpl.invoke(Unknown Source)
	at java.lang.reflect.Method.invoke(Unknown Source)
	at testDrivers.TestDriver.tDriver(TestDriver.java:141)
	at modules.execution.TestExecution.main(TestExecution.java:22)
2020-01-14 12:28:50,460 INFO  [LoggerUtils] Driver tear down 
2020-01-14 12:28:50,460 INFO  [LoggerUtils] Test Failed - leavemuster_001 
2020-01-14 12:30:36,701 INFO  [LoggerUtils] ****************************************** 
2020-01-14 12:30:36,701 INFO  [LoggerUtils] Test Case ID: leavemuster_001 
2020-01-14 12:30:36,702 INFO  [LoggerUtils] ****************************************** 
2020-01-14 12:30:41,498 INFO  [LoggerUtils] Driver Setup 
2020-01-14 12:30:42,680 INFO  [LoggerUtils] User Name: admin 
2020-01-14 12:30:42,773 INFO  [LoggerUtils] Password: password 
2020-01-14 12:30:47,608 INFO  [LoggerUtils] Payroll Department Menu clicked 
2020-01-14 12:30:48,719 INFO  [LoggerUtils] Leave Muster Menu Clicked 
2020-01-14 12:30:50,955 INFO  [LoggerUtils] View Leave Muster Clicked 
2020-01-14 12:30:52,081 INFO  [LoggerUtils] Sync Button Clicked 
2020-01-14 12:30:56,246 INFO  [LoggerUtils] Alert Ok Button Clicked 
2020-01-14 12:30:59,405 INFO  [LoggerUtils] Employee ID Entered 
2020-01-14 12:31:00,517 INFO  [LoggerUtils] Employee Selected 
2020-01-14 12:31:01,636 INFO  [LoggerUtils] Add Leaves Clicked 
2020-01-14 12:31:02,638 ERROR [LoggerUtils] Exception In Employee Creation :  
java.lang.ArrayIndexOutOfBoundsException: 2
	at modules.payroll.tests.LeaveMusterTest.ViewMuster(LeaveMusterTest.java:94)
	at sun.reflect.NativeMethodAccessorImpl.invoke0(Native Method)
	at sun.reflect.NativeMethodAccessorImpl.invoke(Unknown Source)
	at sun.reflect.DelegatingMethodAccessorImpl.invoke(Unknown Source)
	at java.lang.reflect.Method.invoke(Unknown Source)
	at testDrivers.TestDriver.tDriver(TestDriver.java:141)
	at modules.execution.TestExecution.main(TestExecution.java:22)
2020-01-14 12:31:03,022 ERROR [LoggerUtils] Failed in test case execution 
java.lang.ArrayIndexOutOfBoundsException: 2
	at modules.payroll.tests.LeaveMusterTest.ViewMuster(LeaveMusterTest.java:94)
	at sun.reflect.NativeMethodAccessorImpl.invoke0(Native Method)
	at sun.reflect.NativeMethodAccessorImpl.invoke(Unknown Source)
	at sun.reflect.DelegatingMethodAccessorImpl.invoke(Unknown Source)
	at java.lang.reflect.Method.invoke(Unknown Source)
	at testDrivers.TestDriver.tDriver(TestDriver.java:141)
	at modules.execution.TestExecution.main(TestExecution.java:22)
2020-01-14 12:31:03,637 INFO  [LoggerUtils] Driver tear down 
2020-01-14 12:31:03,637 INFO  [LoggerUtils] Test Failed - leavemuster_001 
2020-01-14 12:51:52,858 INFO  [LoggerUtils] ****************************************** 
2020-01-14 12:51:52,859 INFO  [LoggerUtils] Test Case ID: leavemuster_001 
2020-01-14 12:51:52,859 INFO  [LoggerUtils] ****************************************** 
2020-01-14 12:51:57,571 INFO  [LoggerUtils] Driver Setup 
2020-01-14 12:51:58,489 INFO  [LoggerUtils] User Name: admin 
2020-01-14 12:51:58,564 INFO  [LoggerUtils] Password: password 
2020-01-14 12:52:03,098 INFO  [LoggerUtils] Payroll Department Menu clicked 
2020-01-14 12:52:04,193 INFO  [LoggerUtils] Leave Muster Menu Clicked 
2020-01-14 12:52:06,243 INFO  [LoggerUtils] View Leave Muster Clicked 
2020-01-14 12:52:07,393 INFO  [LoggerUtils] Sync Button Clicked 
2020-01-14 12:52:11,575 INFO  [LoggerUtils] Alert Ok Button Clicked 
2020-01-14 12:52:14,722 INFO  [LoggerUtils] Employee ID Entered 
2020-01-14 12:52:15,841 INFO  [LoggerUtils] Employee Selected 
2020-01-14 12:52:16,973 INFO  [LoggerUtils] Add Leaves Clicked 
2020-01-14 12:52:17,974 ERROR [LoggerUtils] Exception In Employee Creation :  
java.lang.ArrayIndexOutOfBoundsException: 2
	at modules.payroll.tests.LeaveMusterTest.ViewMuster(LeaveMusterTest.java:94)
	at sun.reflect.NativeMethodAccessorImpl.invoke0(Native Method)
	at sun.reflect.NativeMethodAccessorImpl.invoke(Unknown Source)
	at sun.reflect.DelegatingMethodAccessorImpl.invoke(Unknown Source)
	at java.lang.reflect.Method.invoke(Unknown Source)
	at testDrivers.TestDriver.tDriver(TestDriver.java:141)
	at modules.execution.TestExecution.main(TestExecution.java:22)
2020-01-14 12:52:18,349 ERROR [LoggerUtils] Failed in test case execution 
java.lang.ArrayIndexOutOfBoundsException: 2
	at modules.payroll.tests.LeaveMusterTest.ViewMuster(LeaveMusterTest.java:94)
	at sun.reflect.NativeMethodAccessorImpl.invoke0(Native Method)
	at sun.reflect.NativeMethodAccessorImpl.invoke(Unknown Source)
	at sun.reflect.DelegatingMethodAccessorImpl.invoke(Unknown Source)
	at java.lang.reflect.Method.invoke(Unknown Source)
	at testDrivers.TestDriver.tDriver(TestDriver.java:141)
	at modules.execution.TestExecution.main(TestExecution.java:22)
2020-01-14 12:52:18,986 INFO  [LoggerUtils] Driver tear down 
2020-01-14 12:52:18,987 INFO  [LoggerUtils] Test Failed - leavemuster_001 
2020-01-15 22:26:59,886 INFO  [LoggerUtils] ****************************************** 
2020-01-15 22:26:59,902 INFO  [LoggerUtils] Test Case ID: leavemuster_001 
2020-01-15 22:26:59,902 INFO  [LoggerUtils] ****************************************** 
2020-01-15 22:27:13,302 INFO  [LoggerUtils] Driver Setup 
2020-01-15 22:27:15,873 INFO  [LoggerUtils] User Name: admin 
2020-01-15 22:27:15,939 INFO  [LoggerUtils] Password: password 
2020-01-15 22:27:22,729 INFO  [LoggerUtils] Payroll Department Menu clicked 
2020-01-15 22:27:23,816 INFO  [LoggerUtils] Leave Muster Menu Clicked 
2020-01-15 22:27:27,499 INFO  [LoggerUtils] View Leave Muster Clicked 
2020-01-15 22:27:28,596 INFO  [LoggerUtils] Sync Button Clicked 
2020-01-15 22:27:30,723 INFO  [LoggerUtils] Alert Ok Button Clicked 
2020-01-15 22:27:31,792 INFO  [LoggerUtils] Employee ID Entered 
2020-01-15 22:27:33,137 INFO  [LoggerUtils] Employee Selected 
2020-01-15 22:27:34,223 INFO  [LoggerUtils] Add Leaves Clicked 
2020-01-15 22:27:35,224 ERROR [LoggerUtils] Exception In Employee Creation :  
java.lang.ArrayIndexOutOfBoundsException: 2
	at modules.payroll.tests.LeaveMusterTest.ViewMuster(LeaveMusterTest.java:92)
	at sun.reflect.NativeMethodAccessorImpl.invoke0(Native Method)
	at sun.reflect.NativeMethodAccessorImpl.invoke(Unknown Source)
	at sun.reflect.DelegatingMethodAccessorImpl.invoke(Unknown Source)
	at java.lang.reflect.Method.invoke(Unknown Source)
	at testDrivers.TestDriver.tDriver(TestDriver.java:141)
	at modules.execution.TestExecution.main(TestExecution.java:22)
2020-01-15 22:27:35,681 ERROR [LoggerUtils] Failed in test case execution 
java.lang.ArrayIndexOutOfBoundsException: 2
	at modules.payroll.tests.LeaveMusterTest.ViewMuster(LeaveMusterTest.java:92)
	at sun.reflect.NativeMethodAccessorImpl.invoke0(Native Method)
	at sun.reflect.NativeMethodAccessorImpl.invoke(Unknown Source)
	at sun.reflect.DelegatingMethodAccessorImpl.invoke(Unknown Source)
	at java.lang.reflect.Method.invoke(Unknown Source)
	at testDrivers.TestDriver.tDriver(TestDriver.java:141)
	at modules.execution.TestExecution.main(TestExecution.java:22)
2020-01-15 22:27:36,285 INFO  [LoggerUtils] Driver tear down 
2020-01-15 22:27:36,286 INFO  [LoggerUtils] Test Failed - leavemuster_001 
